mode: set
safe-install/internal/policy/pip_policy.go:11.47,12.34 1 1
safe-install/internal/policy/pip_policy.go:12.34,13.37 1 1
safe-install/internal/policy/pip_policy.go:13.37,15.4 1 1
safe-install/internal/policy/pip_policy.go:17.2,17.12 1 1
safe-install/internal/policy/pip_policy.go:20.76,23.33 2 1
safe-install/internal/policy/pip_policy.go:23.33,25.3 1 1
safe-install/internal/policy/pip_policy.go:27.2,27.31 1 1
safe-install/internal/policy/pip_policy.go:27.31,28.57 1 1
safe-install/internal/policy/pip_policy.go:28.57,30.4 1 1
safe-install/internal/policy/pip_policy.go:33.2,35.40 2 1
safe-install/internal/policy/pip_policy.go:35.40,37.3 1 1
safe-install/internal/policy/pip_policy.go:39.2,39.18 1 1
safe-install/internal/policy/pip_policy.go:42.58,44.39 2 0
safe-install/internal/policy/pip_policy.go:44.39,46.3 1 0
safe-install/internal/policy/pip_policy.go:48.2,56.18 6 0
